<?xml version="1.0" encoding="UTF-8"?>
<!-- Generated by org.testng.reporters.JUnitXMLReporter -->
<testsuite hostname="DESKTOP-3SL4LUB" ignored="0" name="Default test" tests="2" failures="0" timestamp="05 Jun 2019 13:28:47 GMT" time="18.336" errors="0">
  <testcase name="launchBrowser" time="10.222" classname="testcases.TestParallelDataProviderThreadLocal"/>
  <testcase name="launchBrowser" time="18.281" classname="testcases.TestParallelDataProviderThreadLocal"/>
</testsuite> <!-- Default test -->
