<?xml version="1.0" encoding="UTF-8"?>
<!-- Generated by org.testng.reporters.JUnitXMLReporter -->
<testsuite hostname="CHANDRA" ignored="0" name="Failure Test" tests="1" failures="1" timestamp="08 Sep 2020 17:01:47 GMT" time="0.032" errors="0">
  <testcase name="doLogin" time="0.005" classname="testcases.TestFailure">
    <failure type="java.lang.AssertionError" message="Failing the login test">
      <![CDATA[java.lang.AssertionError: Failing the login test
at testcases.TestFailure.doLogin(TestFailure.java:11)
... Removed 26 stack frames]]>
    </failure>
  </testcase> <!-- doLogin -->
</testsuite> <!-- Failure Test -->
